<?xml version="1.0" encoding="UTF-8"?>
<!-- Generated by org.testng.reporters.JUnitReportReporter -->
<testsuite hostname="Dhivakar" failures="0" tests="1" name="com.capstoneproject.Checkout" time="15.334" errors="0" timestamp="2024-06-08T07:38:51 IST" skipped="0">
  <testcase classname="com.capstoneproject.Checkout" name="addItemToCart" time="15.334"/>
  <system-out/>
</testsuite> <!-- com.capstoneproject.Checkout -->
