<?xml version="1.0" encoding="UTF-8"?>
<!-- Generated by org.testng.reporters.JUnitReportReporter -->
<testsuite hostname="Dhivakar" failures="0" tests="1" name="com.capstoneproject.SearchAndAddCart" time="24.523" errors="0" timestamp="2024-06-04T20:45:30 IST" skipped="0">
  <testcase classname="com.capstoneproject.SearchAndAddCart" name="searchAndAddToCart" time="24.523"/>
  <system-out/>
</testsuite> <!-- com.capstoneproject.SearchAndAddCart -->
