<?xml version="1.0" encoding="UTF-8"?>
<!-- Generated by org.testng.reporters.JUnitReportReporter -->
<testsuite hostname="Dhivakar" failures="0" tests="1" name="com.capstoneproject.Pages.SignUpAndLogin" time="34.772" errors="0" timestamp="2024-06-13T13:26:20 IST" skipped="0">
  <testcase classname="com.capstoneproject.Pages.SignUpAndLogin" name="signUpAndLogin" time="34.772"/>
  <system-out/>
</testsuite> <!-- com.capstoneproject.Pages.SignUpAndLogin -->
