<?xml version="1.0" encoding="UTF-8"?>
<!-- Generated by org.testng.reporters.JUnitReportReporter -->
<testsuite hostname="Dhivakar" failures="0" tests="1" name="com.capstoneproject.AddBrandFromDepartment" time="39.861" errors="0" timestamp="2024-06-12T22:27:16 IST" skipped="0">
  <testcase classname="com.capstoneproject.AddBrandFromDepartment" name="addItemFromBrand" time="39.861"/>
  <system-out/>
</testsuite> <!-- com.capstoneproject.AddBrandFromDepartment -->
