<?xml version="1.0" encoding="UTF-8"?>
<!-- Generated by org.testng.reporters.JUnitReportReporter -->
<testsuite hostname="Dhivakar" failures="0" tests="1" name="com.capstoneproject.AddBrandFromDepartment" time="37.217" errors="0" timestamp="2024-06-08T09:25:36 IST" skipped="0">
  <testcase classname="com.capstoneproject.AddBrandFromDepartment" name="addItemFromBrand" time="37.217"/>
  <system-out/>
</testsuite> <!-- com.capstoneproject.AddBrandFromDepartment -->
