<?xml version="1.0" encoding="UTF-8"?>
<!-- Generated by org.testng.reporters.JUnitReportReporter -->
<testsuite hostname="Dhivakar" failures="0" tests="2" name="com.capstoneproject.Pages.NavigateAndValidateTitles" time="30.635" errors="0" timestamp="2024-06-13T12:51:57 IST" skipped="0">
  <testcase classname="com.capstoneproject.Pages.NavigateAndValidateTitles" name="navigateAndValidateTitle" time="13.738"/>
  <system-out/>
  <testcase classname="com.capstoneproject.Pages.NavigateAndValidateTitles" name="validateBottomLinks" time="16.897"/>
  <system-out/>
</testsuite> <!-- com.capstoneproject.Pages.NavigateAndValidateTitles -->
