<?xml version="1.0" encoding="UTF-8"?>
<!-- Generated by org.testng.reporters.JUnitReportReporter -->
<testsuite hostname="Dhivakar" failures="0" tests="2" name="com.capstoneproject.CheckOutAndPayment" time="110.597" errors="0" timestamp="2024-06-08T09:25:36 IST" skipped="0">
  <testcase classname="com.capstoneproject.CheckOutAndPayment" name="checkout" time="92.357"/>
  <system-out/>
  <testcase classname="com.capstoneproject.CheckOutAndPayment" name="verifyOrderPlacement" time="18.240"/>
  <system-out/>
</testsuite> <!-- com.capstoneproject.CheckOutAndPayment -->
