<?xml version="1.0" encoding="UTF-8"?>
<!-- Generated by org.testng.reporters.JUnitReportReporter -->
<testsuite hostname="Dhivakar" failures="0" tests="1" name="com.capstoneproject.AddItemFromDepartment" time="30.892" errors="0" timestamp="2024-06-04T20:45:30 IST" skipped="0">
  <testcase classname="com.capstoneproject.AddItemFromDepartment" name="addItemFromDepartment" time="30.892"/>
  <system-out/>
</testsuite> <!-- com.capstoneproject.AddItemFromDepartment -->
