<?xml version="1.0" encoding="UTF-8"?>
<!-- Generated by org.testng.reporters.JUnitReportReporter -->
<testsuite hostname="Dhivakar" failures="0" tests="2" name="com.capstoneproject.Pages.NavigateAndValidateTitles" time="24.617" errors="0" timestamp="2024-06-13T11:22:49 IST" skipped="0">
  <testcase classname="com.capstoneproject.Pages.NavigateAndValidateTitles" name="navigateAndValidateTitle" time="11.399"/>
  <system-out/>
  <testcase classname="com.capstoneproject.Pages.NavigateAndValidateTitles" name="validateBottomLinks" time="13.218"/>
  <system-out/>
</testsuite> <!-- com.capstoneproject.Pages.NavigateAndValidateTitles -->
