<?xml version="1.0" encoding="UTF-8"?>
<!-- Generated by org.testng.reporters.JUnitReportReporter -->
<testsuite hostname="Dhivakar" failures="0" tests="2" name="com.capstoneproject.NavigateAndValidateTitles" time="32.928" errors="0" timestamp="2024-06-08T09:25:36 IST" skipped="0">
  <testcase classname="com.capstoneproject.NavigateAndValidateTitles" name="navigateAndValidateTitle" time="16.627"/>
  <system-out/>
  <testcase classname="com.capstoneproject.NavigateAndValidateTitles" name="validateBottomLinks" time="16.301"/>
  <system-out/>
</testsuite> <!-- com.capstoneproject.NavigateAndValidateTitles -->
