<?xml version="1.0" encoding="UTF-8"?>
<!-- Generated by org.testng.reporters.JUnitReportReporter -->
<testsuite hostname="Dhivakar" failures="0" tests="1" name="com.capstoneproject.SignUpAndLogin" time="46.066" errors="0" timestamp="2024-06-04T20:45:30 IST" skipped="0">
  <testcase classname="com.capstoneproject.SignUpAndLogin" name="signUpAndLogin" time="46.066"/>
  <system-out/>
</testsuite> <!-- com.capstoneproject.SignUpAndLogin -->
